This is pdfTeX, Version 3.141592653-2.6-1.40.24 (TeX Live 2022) (preloaded format=latex 2022.4.5)  4 AUG 2022 10:50
entering extended mode
 restricted \write18 enabled.
 %&-line parsing enabled.
**_formulas.tex
(./_formulas.tex
LaTeX2e <2021-11-15> patch level 1
L3 programming layer <2022-02-24> (/usr/local/texlive/2022/texmf-dist/tex/latex
/base/article.cls
Document Class: article 2021/10/04 v1.4n Standard LaTeX document class
(/usr/local/texlive/2022/texmf-dist/tex/latex/base/size10.clo
File: size10.clo 2021/10/04 v1.4n Standard LaTeX file (size option)
)
\c@part=\count185
\c@section=\count186
\c@subsection=\count187
\c@subsubsection=\count188
\c@paragraph=\count189
\c@subparagraph=\count190
\c@figure=\count191
\c@table=\count192
\abovecaptionskip=\skip47
\belowcaptionskip=\skip48
\bibindent=\dimen138
) (/usr/local/texlive/2022/texmf-dist/tex/latex/base/ifthen.sty
Package: ifthen 2020/11/24 v1.1c Standard LaTeX ifthen package (DPC)
) (/usr/local/texlive/2022/texmf-dist/tex/latex/graphics/epsfig.sty
Package: epsfig 2017/06/25 v1.7b (e)psfig emulation (SPQR)
(/usr/local/texlive/2022/texmf-dist/tex/latex/graphics/graphicx.sty
Package: graphicx 2021/09/16 v1.2d Enhanced LaTeX Graphics (DPC,SPQR)
(/usr/local/texlive/2022/texmf-dist/tex/latex/graphics/keyval.sty
Package: keyval 2014/10/28 v1.15 key=value parser (DPC)
\KV@toks@=\toks16
) (/usr/local/texlive/2022/texmf-dist/tex/latex/graphics/graphics.sty
Package: graphics 2021/03/04 v1.4d Standard LaTeX Graphics (DPC,SPQR)
(/usr/local/texlive/2022/texmf-dist/tex/latex/graphics/trig.sty
Package: trig 2021/08/11 v1.11 sin cos tan (DPC)
) (/usr/local/texlive/2022/texmf-dist/tex/latex/graphics-cfg/graphics.cfg
File: graphics.cfg 2016/06/04 v1.11 sample graphics configuration
)
Package graphics Info: Driver file: dvips.def on input line 107.
(/usr/local/texlive/2022/texmf-dist/tex/latex/graphics-def/dvips.def
File: dvips.def 2017/06/20 v3.1d Graphics/color driver for dvips
))
\Gin@req@height=\dimen139
\Gin@req@width=\dimen140
)
\epsfxsize=\dimen141
\epsfysize=\dimen142
) (/usr/local/texlive/2022/texmf-dist/tex/latex/base/inputenc.sty
Package: inputenc 2021/02/14 v1.3d Input encoding file
\inpenc@prehook=\toks17
\inpenc@posthook=\toks18
)
(/usr/local/texlive/2022/texmf-dist/tex/latex/newunicodechar/newunicodechar.sty
Package: newunicodechar 2018/04/08 v1.2 Defining Unicode characters
)

Package newunicodechar Warning: Redefining Unicode character on input line 7.


Package newunicodechar Warning: Redefining Unicode character on input line 8.

(/usr/local/texlive/2022/texmf-dist/tex/latex/l3backend/l3backend-dvips.def
File: l3backend-dvips.def 2022-02-07 L3 backend support: dvips
\l__pdf_internal_box=\box50
\g__pdf_backend_object_int=\count193
\l__pdf_backend_content_box=\box51
\l__pdf_backend_model_box=\box52
\g__pdf_backend_annotation_int=\count194
\g__pdf_backend_link_int=\count195
\g__pdf_backend_link_sf_int=\count196
) (./_formulas.aux)
\openout1 = `_formulas.aux'.

LaTeX Font Info:    Checking defaults for OML/cmm/m/it on input line 11.
LaTeX Font Info:    ... okay on input line 11.
LaTeX Font Info:    Checking defaults for OMS/cmsy/m/n on input line 11.
LaTeX Font Info:    ... okay on input line 11.
LaTeX Font Info:    Checking defaults for OT1/cmr/m/n on input line 11.
LaTeX Font Info:    ... okay on input line 11.
LaTeX Font Info:    Checking defaults for T1/cmr/m/n on input line 11.
LaTeX Font Info:    ... okay on input line 11.
LaTeX Font Info:    Checking defaults for TS1/cmr/m/n on input line 11.
LaTeX Font Info:    ... okay on input line 11.
LaTeX Font Info:    Checking defaults for OMX/cmex/m/n on input line 11.
LaTeX Font Info:    ... okay on input line 11.
LaTeX Font Info:    Checking defaults for U/cmr/m/n on input line 11.
LaTeX Font Info:    ... okay on input line 11.
LaTeX Font Info:    External font `cmex10' loaded for size
(Font)              <7> on input line 12.
LaTeX Font Info:    External font `cmex10' loaded for size
(Font)              <5> on input line 12.
[1

] [2] [3] [4] [5] [6] [7] [8] [9] [10] [11] [12] [13] [14] [15] [16] [17] [18] 
[19] [20] [21] [22] [23] [24] [25] [26] [27] [28]
Overfull \hbox (189.86496pt too wide) detected at line 113
\OML/cmm/m/it/10 h[] \OT1/cmr/m/n/10 = \OMS/cmsy/m/n/10 ^^@\OML/cmm/m/it/10 t[]
\OT1/cmr/m/n/10 (\OML/cmm/m/it/10 b[]b[] \OT1/cmr/m/n/10 + \OML/cmm/m/it/10 h:c
:\OT1/cmr/m/n/10 ) + []\OML/cmm/m/it/10 n[]\OT1/cmr/m/n/10 (\OML/cmm/m/it/10 n[
] \OMS/cmsy/m/n/10 ^^@ \OT1/cmr/m/n/10 1) + []\OML/cmm/m/it/10 n[]\OT1/cmr/m/n/
10 (\OML/cmm/m/it/10 n[] \OMS/cmsy/m/n/10 ^^@ \OT1/cmr/m/n/10 1)[]\OML/cmm/m/it
/10 n[] \OT1/cmr/m/n/10 + []\OML/cmm/m/it/10 n[]
 []

[29] [30]
! Undefined control sequence.
l.119 $\alpha=x,\,y,\z
                      $
The control sequence at the end of the top line
of your error message was never \def'ed. If you have
misspelled it (e.g., `\hobx'), type `I' and the correct
spelling (e.g., `I\hbox'). Otherwise just continue,
and I'll forget about whatever was undefined.

[31]
Overfull \hbox (18.74655pt too wide) detected at line 129
\OML/cmm/m/it/10 H \OT1/cmr/m/n/10 = [] [] + [] \OML/cmm/m/it/10 h[]S[] [] h[]S
[] [] h[]S[]
 []

[32]
Overfull \hbox (111.16039pt too wide) detected at line 138
\OML/cmm/m/it/10 h[] \OT1/cmr/m/n/10 = \OML/cmm/m/it/10 J[]\OT1/cmr/m/n/10 ([])
\OML/cmm/m/it/10 S[]S[] \OT1/cmr/m/n/10 + \OML/cmm/m/it/10 J[]\OT1/cmr/m/n/10 (
[])\OML/cmm/m/it/10 S[]S[] \OT1/cmr/m/n/10 + \OML/cmm/m/it/10 J[]\OT1/cmr/m/n/1
0 ([])\OML/cmm/m/it/10 S[]S[] \OT1/cmr/m/n/10 + []\OML/cmm/m/it/10 S[] \OT1/cmr
/m/n/10 + []\OML/cmm/m/it/10 S[]
 []

[33] [34]
Overfull \hbox (14.96239pt too wide) detected at line 151
\OML/cmm/m/it/10 H \OT1/cmr/m/n/10 = [] [] + [] \OML/cmm/m/it/10 h[]S[] [] h[]S
[] [] h[]S[]
 []

[35] [36] [37] [38] [39] [40] [41] [42]
! Missing $ inserted.
<inserted text> 
                $
l.179 
      
I've inserted a begin-math/end-math symbol since I think
you left one out. Proceed, with fingers crossed.

! Display math should end with $$.
<to be read again> 
                   \tex_par:D 
l.179 
      
The `$' that I just saw supposedly matches a previous `$$'.
So I shall assume that you typed `$$' both times.


! LaTeX Error: Bad math environment delimiter.

See the LaTeX manual or LaTeX Companion for explanation.
Type  H <return>  for immediate help.
 ...                                              
                                                  
l.180 \]
        
Your command was ignored.
Type  I <command> <return>  to replace it with another command,
or  <return>  to continue without it.

[43] [44] [45] [46]

! LaTeX Error: Bad math environment delimiter.

See the LaTeX manual or LaTeX Companion for explanation.
Type  H <return>  for immediate help.
 ...                                              
                                                  
l.195 \frac{\sqrt{x}}{L}\sum_n (-1)^n \[
                                         \sigma_n^{+} \sigma_{n+1}^{-} +\sig...

Your command was ignored.
Type  I <command> <return>  to replace it with another command,
or  <return>  to continue without it.


! LaTeX Error: Bad math environment delimiter.

See the LaTeX manual or LaTeX Companion for explanation.
Type  H <return>  for immediate help.
 ...                                              
                                                  
l.196 \]
        
Your command was ignored.
Type  I <command> <return>  to replace it with another command,
or  <return>  to continue without it.

[47] [48] [49] [50] [51] [52] [53] [54] [55] [56] [57] [58] [59] [60] [61] [62]
[63] [64] [65] [66] [67] [68]
Overfull \hbox (117.54738pt too wide) detected at line 283
\OML/cmm/m/it/10 h[] \OT1/cmr/m/n/10 = \OMS/cmsy/m/n/10 ^^@\OML/cmm/m/it/10 S[]
S[] \OT1/cmr/m/n/10 + \OMS/cmsy/m/n/10 ^^@\OML/cmm/m/it/10 S[]S[] \OT1/cmr/m/n/
10 + [] \OML/cmm/m/it/10 S[]S[] \OT1/cmr/m/n/10 + []\OML/cmm/m/it/10 S[] \OT1/c
mr/m/n/10 + []\OML/cmm/m/it/10 S[]
 []

[69] [70] [71] [72] [73] [74] [75]
! Undefined control sequence.
<recently read> \V 
                   
l.304 $\V
         0$
The control sequence at the end of the top line
of your error message was never \def'ed. If you have
misspelled it (e.g., `\hobx'), type `I' and the correct
spelling (e.g., `I\hbox'). Otherwise just continue,
and I'll forget about whatever was undefined.

[76] [77] [78] [79] [80] [81] [82] [83] [84] [85] [86] [87] [88] [89] [90] [91]
[92] [93] [94] [95] [96] [97] [98] [99] [100] [101] [102] [103] [104] [105] [10
6] [107] [108] [109]
! Missing } inserted.
<inserted text> 
                }
l.406 $\rho=\rho_{1/2}^{\dagger} \rho_{1/2)$
                                            
I've inserted something that you may have forgotten.
(See the <inserted text> above.)
With luck, this will get me unwedged. But if you
really didn't forget anything, try typing `2' now; then
my insertion and my current dilemma will both disappear.

[110] [111] [112] [113] [114] [115] [116] [117] [118] [119] [120] [121] [122] [
123] [124] [125] [126] [127] [128] [129] [130] [131] [132] [133] [134] [135] [1
36] [137] [138] [139] [140] [141] [142] [143] [144] [145] [146] [147] [148] [14
9] [150] [151] [152] [153] [154] [155]

LaTeX Warning: Command \L invalid in math mode on input line 546.

[156] [157] [158] [159] [160] [161] [162] [163] [164] [165] [166] [167] [168] [
169]
Overfull \hbox (80.9119pt too wide) detected at line 610
\OML/cmm/m/it/10 H\OT1/cmr/m/n/10 (\OML/cmm/m/it/10 s\OT1/cmr/m/n/10 ) = \OMS/c
msy/m/n/10 ^^@ [] [] ^^@ \OT1/cmr/m/n/10 2\OML/cmm/m/it/10 c [] n[] \OT1/cmr/m/
n/10 + \OML/cmm/m/it/10 cn[] \OT1/cmr/m/n/10 + \OML/cmm/m/it/10 cn[]
 []

[170] [171] [172] [173] [174] [175] [176] [177] [178] [179] [180] [181] [182] [
183] [184] [185] [186] [187] [188] [189] [190] [191] [192] [193] [194] [195] [1
96] [197]
Overfull \hbox (253.1385pt too wide) detected at line 732
\OML/cmm/m/it/10 H \OT1/cmr/m/n/10 = [] [] [] \OMS/cmsy/m/n/10 ^^@ [] []\OML/cm
m/m/it/10 n[] \OT1/cmr/m/n/10 + [] [] [] + [] \OML/cmm/m/it/10 ^^Vn[] \OT1/cmr/
m/n/10 + \OML/cmm/m/it/10 ^^Q [][] \OT1/cmr/m/n/10 + \OML/cmm/m/it/10 ^^Q[][]
 []

[198] [199] [200] [201] [202] [203] [204] [205] [206] [207] [208] [209] [210] [
211] [212] [213] [214] [215] [216] [217] [218] [219] [220]
Overfull \hbox (60.55412pt too wide) detected at line 811
\OML/cmm/m/it/10 H \OT1/cmr/m/n/10 = [] [] [] + [] [](\OMS/cmsy/m/n/10 ^^@\OT1/
cmr/m/n/10 1)[] [] + [] \OML/cmm/m/it/10 L[]
 []

[221] [222] [223] [224] [225] [226] [227] [228]
Overfull \hbox (136.87512pt too wide) in alignment at lines 835--838
 [][][] []
 []

[229] [230] [231] [232] [233] [234] [235] [236] [237] [238] [239] [240]
Overfull \hbox (51.69627pt too wide) detected at line 886
\OML/cmm/m/it/10 H \OT1/cmr/m/n/10 = \OML/cmm/m/it/10 x [] [] \OT1/cmr/m/n/10 +
 [] [](\OMS/cmsy/m/n/10 ^^@\OT1/cmr/m/n/10 1)[] [] + [] []
 []

[241] [242] [243] [244]
Overfull \hbox (165.2864pt too wide) in paragraph at lines 898--900
[]$[][] [] \OMS/cmsy/m/n/10 ^^A [][]$
 []

[245] [246] [247] [248] [249] [250] [251] [252] [253] [254] [255] [256] [257] [
258] [259] [260] [261] [262] [263] [264] [265] [266] [267] [268] [269] [270] [2
71] [272] [273] [274] [275] [276] [277] [278] [279] [280]
Overfull \hbox (28.98013pt too wide) detected at line 1025
[] [] \OML/cmm/m/it/10 Q[] \OT1/cmr/m/n/10 = [] [] [] \OMS/cmsy/m/n/10 ^^@ [] [
] \OT1/cmr/m/n/10 = [] [] [] [][] + []\OML/cmm/m/it/10 ^^[[]
 []

[281] [282] [283] [284] [285] [286]
Overfull \hbox (5.93796pt too wide) in alignment at lines 1043--1050
 [][][] []
 []

[287] [288] [289] [290] [291] [292] [293] [294] [295] [296] [297] [298] [299] [
300] [301] [302] [303] [304] [305] [306] [307] [308] [309] [310]
! Extra \right.
l.1122 $left(L_n-L_{n-1}\right)
                               ^2-Q_n^2 $
I'm ignoring a \right that had no matching \left.

[311] [312] [313] [314] [315] [316] [317] [318] [319] [320] [321] [322] [323] [
324] [325] [326] [327] [328] [329] [330] [331] [332] [333] [334] [335] [336] [3
37] [338] [339] [340] [341] [342] [343] [344] [345] [346] [347] [348] [349] [35
0] [351] [352] [353] [354] [355] [356] [357] [358] [359] [360] [361] [362] [363
] [364] [365] [366] [367] [368] [369] [370] [371] [372] [373] [374] [375] [376]
[377] [378] [379] [380] [381] [382] [383] [384] [385] [386] [387] [388] [389] [
390] [391] [392] [393] [394] [395] [396] [397] [398] [399] [400] [401] [402] [4
03] [404] [405] [406] [407] [408] [409] [410] [411] [412] [413] [414] [415] [41
6] [417] [418] [419] [420] [421] [422] [423] [424] [425] [426] [427] [428] [429
] [430] [431] [432] [433] [434] [435] [436] [437] [438] [439] [440] [441] (./_f
ormulas.aux) ) 
Here is how much of TeX's memory you used:
 1014 strings out of 478269
 18300 string characters out of 5846374
 313111 words of memory out of 5000000
 19270 multiletter control sequences out of 15000+600000
 470186 words of font info for 31 fonts, out of 8000000 for 9000
 1141 hyphenation exceptions out of 8191
 70i,13n,76p,382b,100s stack positions out of 10000i,1000n,20000p,200000b,200000s

Output written on _formulas.dvi (441 pages, 86008 bytes).
